<?xml version="1.0" encoding="UTF-8"?>
<testsuite name="com.example.ktbapi.KtbapiApplicationTests" tests="1" skipped="0" failures="0" errors="0" timestamp="2025-10-30T10:29:44.648Z" hostname="neonui-MacBookPro.local" time="0.33">
  <properties/>
  <testcase name="contextLoads()" classname="com.example.ktbapi.KtbapiApplicationTests" time="0.33"/>
  <system-out><![CDATA[19:29:43.814 [Test worker] INFO org.springframework.test.context.support.AnnotationConfigContextLoaderUtils -- Could not detect default configuration classes for test class [com.example.ktbapi.KtbapiApplicationTests]: KtbapiApplicationTests does not declare any static, non-private, non-final, nested classes annotated with @Configuration.
19:29:43.856 [Test worker] INFO org.springframework.boot.test.context.SpringBootTestContextBootstrapper -- Found @SpringBootConfiguration com.example.ktbapi.KtbapiApplication for test class com.example.ktbapi.KtbapiApplicationTests

  .   ____          _            __ _ _
 /\\ / ___'_ __ _ _(_)_ __  __ _ \ \ \ \
( ( )\___ | '_ | '_| | '_ \/ _` | \ \ \ \
 \\/  ___)| |_)| | | | | || (_| |  ) ) ) )
  '  |____| .__|_| |_|_| |_\__, | / / / /
 =========|_|==============|___/=/_/_/_/

 :: Spring Boot ::                (v3.5.6)

2025-10-30T19:29:44.015+09:00  INFO 89016 --- [ktbapi] [    Test worker] c.example.ktbapi.KtbapiApplicationTests  : Starting KtbapiApplicationTests using Java 17.0.12 with PID 89016 (started by neon in /Users/neon/wk4-api-migrate/KTB_assignment_src)
2025-10-30T19:29:44.016+09:00  INFO 89016 --- [ktbapi] [    Test worker] c.example.ktbapi.KtbapiApplicationTests  : No active profile set, falling back to 1 default profile: "default"
2025-10-30T19:29:44.499+09:00  INFO 89016 --- [ktbapi] [    Test worker] o.s.v.b.OptionalValidatorFactoryBean     : Failed to set up a Bean Validation provider: jakarta.validation.NoProviderFoundException: Unable to create a Configuration, because no Jakarta Bean Validation provider could be found. Add a provider like Hibernate Validator (RI) to your classpath.
2025-10-30T19:29:44.643+09:00  INFO 89016 --- [ktbapi] [    Test worker] c.example.ktbapi.KtbapiApplicationTests  : Started KtbapiApplicationTests in 0.732 seconds (process running for 1.171)
]]></system-out>
  <system-err><![CDATA[]]></system-err>
</testsuite>
