<?xml version="1.0" encoding="UTF-8"?>
<testsuite name="com.example.ktbapi.KtbapiApplicationTests" tests="1" skipped="0" failures="0" errors="0" timestamp="2025-10-20T09:36:33.653Z" hostname="neonui-MacBookPro.local" time="0.412">
  <properties/>
  <testcase name="contextLoads()" classname="com.example.ktbapi.KtbapiApplicationTests" time="0.412"/>
  <system-out><![CDATA[18:36:32.932 [Test worker] INFO org.springframework.test.context.support.AnnotationConfigContextLoaderUtils -- Could not detect default configuration classes for test class [com.example.ktbapi.KtbapiApplicationTests]: KtbapiApplicationTests does not declare any static, non-private, non-final, nested classes annotated with @Configuration.
18:36:32.978 [Test worker] INFO org.springframework.boot.test.context.SpringBootTestContextBootstrapper -- Found @SpringBootConfiguration com.example.ktbapi.KtbapiApplication for test class com.example.ktbapi.KtbapiApplicationTests

  .   ____          _            __ _ _
 /\\ / ___'_ __ _ _(_)_ __  __ _ \ \ \ \
( ( )\___ | '_ | '_| | '_ \/ _` | \ \ \ \
 \\/  ___)| |_)| | | | | || (_| |  ) ) ) )
  '  |____| .__|_| |_|_| |_\__, | / / / /
 =========|_|==============|___/=/_/_/_/

 :: Spring Boot ::                (v3.5.6)

2025-10-20T18:36:33.157+09:00  INFO 15612 --- [ktbapi] [    Test worker] c.example.ktbapi.KtbapiApplicationTests  : Starting KtbapiApplicationTests using Java 17.0.12 with PID 15612 (started by neon in /Users/neon/Downloads/ktbapi/KTB_assignment/week4/api)
2025-10-20T18:36:33.158+09:00  INFO 15612 --- [ktbapi] [    Test worker] c.example.ktbapi.KtbapiApplicationTests  : No active profile set, falling back to 1 default profile: "default"
2025-10-20T18:36:33.648+09:00  INFO 15612 --- [ktbapi] [    Test worker] c.example.ktbapi.KtbapiApplicationTests  : Started KtbapiApplicationTests in 0.597 seconds (process running for 1.059)
]]></system-out>
  <system-err><![CDATA[]]></system-err>
</testsuite>
